proguard/seeds.txt
net.daum.adam.publisher.AdView
net.daum.adam.publisher.AdView: AdView(android.content.Context,android.util.AttributeSet)
net.daum.adam.publisher.AdView
net.daum.adam.publisher.AdView: AdView(android.content.Context,android.util.AttributeSet,int)
org.apache.james.mime4j.codec.EncoderUtil$Usage: org.apache.james.mime4j.codec.EncoderUtil$Usage[] values()
org.apache.james.mime4j.codec.EncoderUtil$Usage: org.apache.james.mime4j.codec.EncoderUtil$Usage valueOf(java.lang.String)
org.apache.james.mime4j.codec.EncoderUtil$Encoding: org.apache.james.mime4j.codec.EncoderUtil$Encoding[] values()
org.apache.james.mime4j.codec.EncoderUtil$Encoding: org.apache.james.mime4j.codec.EncoderUtil$Encoding valueOf(java.lang.String)
net.daum.adam.publisher.AdInterstitial$InterstitialState: net.daum.adam.publisher.AdInterstitial$InterstitialState[] values()
net.daum.adam.publisher.AdInterstitial$InterstitialState: net.daum.adam.publisher.AdInterstitial$InterstitialState valueOf(java.lang.String)
net.daum.adam.publisher.impl.i$a: net.daum.adam.publisher.impl.i$a[] values()
net.daum.adam.publisher.impl.i$a: net.daum.adam.publisher.impl.i$a valueOf(java.lang.String)
net.daum.adam.publisher.AdView$AnimationType: net.daum.adam.publisher.AdView$AnimationType[] values()
net.daum.adam.publisher.AdView$AnimationType: net.daum.adam.publisher.AdView$AnimationType valueOf(java.lang.String)
net.daum.adam.publisher.impl.c.p$a: net.daum.adam.publisher.impl.c.p$a[] values()
net.daum.adam.publisher.impl.c.p$a: net.daum.adam.publisher.impl.c.p$a valueOf(java.lang.String)
net.daum.adam.publisher.impl.c.p$d: net.daum.adam.publisher.impl.c.p$d[] values()
net.daum.adam.publisher.impl.c.p$d: net.daum.adam.publisher.impl.c.p$d valueOf(java.lang.String)
net.daum.adam.publisher.impl.c.p$l: net.daum.adam.publisher.impl.c.p$l[] values()
net.daum.adam.publisher.impl.c.p$l: net.daum.adam.publisher.impl.c.p$l valueOf(java.lang.String)
net.daum.adam.publisher.impl.c.p$m: net.daum.adam.publisher.impl.c.p$m[] values()
net.daum.adam.publisher.impl.c.p$m: net.daum.adam.publisher.impl.c.p$m valueOf(java.lang.String)
net.daum.adam.publisher.impl.AdError: net.daum.adam.publisher.impl.AdError[] values()
net.daum.adam.publisher.impl.AdError: net.daum.adam.publisher.impl.AdError valueOf(java.lang.String)
net.daum.adam.publisher.impl.a$a: net.daum.adam.publisher.impl.a$a[] values()
net.daum.adam.publisher.impl.a$a: net.daum.adam.publisher.impl.a$a valueOf(java.lang.String)
com.tistory.iiixzu.common.SwipeDetector$Action: com.tistory.iiixzu.common.SwipeDetector$Action[] values()
com.tistory.iiixzu.common.SwipeDetector$Action: com.tistory.iiixzu.common.SwipeDetector$Action valueOf(java.lang.String)
org.apache.http.entity.mime.HttpMultipartMode: org.apache.http.entity.mime.HttpMultipartMode[] values()
org.apache.http.entity.mime.HttpMultipartMode: org.apache.http.entity.mime.HttpMultipartMode valueOf(java.lang.String)
com.tistory.iiixzu.okjsp.Content$JavaScriptExtention
com.tistory.iiixzu.okjsp.Content$JavaScriptExtention: Content$JavaScriptExtention(com.tistory.iiixzu.okjsp.Content)
com.tistory.iiixzu.okjsp.Content$JavaScriptExtention: void webCommand(java.lang.String)
com.tistory.iiixzu.okjsp.Content$JavaScriptExtention: com.tistory.iiixzu.okjsp.Content access$0(com.tistory.iiixzu.okjsp.Content$JavaScriptExtention)
com.tistory.iiixzu.common.CommonActivity
com.tistory.iiixzu.okjsp.Content
com.tistory.iiixzu.okjsp.WriteReply
com.tistory.iiixzu.okjsp.Board
com.tistory.iiixzu.okjsp.WriteContent
com.tistory.iiixzu.okjsp.Menu
com.tistory.iiixzu.okjsp.Startup
net.daum.adam.publisher.impl.AdInterstitialActivity
com.tistory.iiixzu.okjsp.Setting
net.daum.adam.publisher.impl.receiver.AbstractBroadcastReceiver
net.daum.adam.publisher.impl.receiver.ScreenStateBroadcastReceiver
net.daum.adam.publisher.impl.receiver.BatteryStateBroadcastReceiver
net.daum.adam.publisher.impl.receiver.NetworkStateBroadcastReceiver
com.tistory.iiixzu.okjsp.Content: void refresh(android.view.View)