proguard/usage.txt
org.apache.james.mime4j.field.address.parser.SimpleCharStream
org.apache.james.mime4j.field.address.parser.SimpleNode
org.apache.james.mime4j.field.address.parser.Token
org.apache.james.mime4j.field.address.parser.TokenMgrError
org.apache.james.mime4j.field.contentdisposition.parser.ContentDispositionParser
org.apache.james.mime4j.field.contentdisposition.parser.ContentDispositionParserConstants
org.apache.james.mime4j.field.contentdisposition.parser.ContentDispositionParserTokenManager
org.apache.james.mime4j.field.contentdisposition.parser.ParseException
org.apache.james.mime4j.field.contentdisposition.parser.SimpleCharStream
org.apache.james.mime4j.field.contentdisposition.parser.Token
org.apache.james.mime4j.field.contentdisposition.parser.TokenMgrError
org.apache.james.mime4j.field.contenttype.parser.ContentTypeParser:
    40:44:public static void main(java.lang.String[])
    50:60:public final void parseLine()
    136:137:public ContentTypeParser(java.io.InputStream)
    138:145:public ContentTypeParser(java.io.InputStream,java.lang.String)
    148:149:public void ReInit(java.io.InputStream)
    151:157:public void ReInit(java.io.InputStream,java.lang.String)
    169:175:public void ReInit(java.io.Reader)
    177:183:public ContentTypeParser(org.apache.james.mime4j.field.contenttype.parser.ContentTypeParserTokenManager)
    186:191:public void ReInit(org.apache.james.mime4j.field.contenttype.parser.ContentTypeParserTokenManager)
    208:212:public final org.apache.james.mime4j.field.contenttype.parser.Token getNextToken()
    216:221:public final org.apache.james.mime4j.field.contenttype.parser.Token getToken(int)
    269:269:public final void enable_tracing()
    272:272:public final void disable_tracing()
org.apache.james.mime4j.field.contenttype.parser.ContentTypeParserConstants:
    public static final int EOF
    public static final int WS
    public static final int COMMENT
    public static final int QUOTEDSTRING
    public static final int DIGITS
    public static final int ATOKEN
    public static final int QUOTEDPAIR
    public static final int ANY
    public static final int DEFAULT
    public static final int INCOMMENT
    public static final int NESTED_COMMENT
    public static final int INQUOTEDSTRING
org.apache.james.mime4j.field.contenttype.parser.ContentTypeParserTokenManager:
    34:34:public void setDebugStream(java.io.PrintStream)
    37:40:private final int jjStopStringLiteralDfa_0(int,long)
    45:45:private final int jjStartNfa_0(int,long)
    94:96:private final void jjAddStates(int,int)
    99:101:private final void jjCheckNAddTwoStates(int,int)
    105:107:private final void jjCheckNAddStates(int,int)
    110:112:private final void jjCheckNAddStates(int)
    232:235:private final int jjStopStringLiteralDfa_1(int,long)
    240:240:private final int jjStartNfa_1(int,long)
    244:248:private final int jjStartNfaWithStates_1(int,int,int)
    353:356:private final int jjStopStringLiteralDfa_3(int,long)
    361:361:private final int jjStartNfa_3(int,long)
    365:369:private final int jjStartNfaWithStates_3(int,int,int)
    487:490:private final int jjStopStringLiteralDfa_2(int,long)
    495:495:private final int jjStartNfa_2(int,long)
    499:503:private final int jjStartNfaWithStates_2(int,int,int)
    645:647:public ContentTypeParserTokenManager(org.apache.james.mime4j.field.contenttype.parser.SimpleCharStream,int)
    650:654:public void ReInit(org.apache.james.mime4j.field.contenttype.parser.SimpleCharStream)
    664:666:public void ReInit(org.apache.james.mime4j.field.contenttype.parser.SimpleCharStream,int)
org.apache.james.mime4j.field.contenttype.parser.ParseException:
    private static final long serialVersionUID